-------------------------------------------------------------------------------
Test set: it.michdev.restwebservice.RestwebserviceApplicationTests
-------------------------------------------------------------------------------
Tests run: 1, Failures: 0, Errors: 1, Skipped: 0, Time elapsed: 3.98 s <<< FAILURE! - in it.michdev.restwebservice.RestwebserviceApplicationTests
contextLoads  Time elapsed: 0 s  <<< ERROR!
java.lang.IllegalStateException: Failed to load ApplicationContext
Caused by: org.springframework.beans.factory.BeanCreationException: Error creating bean with name 'taskManager': Invocation of init method failed; nested exception is java.lang.NullPointerException
Caused by: java.lang.NullPointerException

